{"C:\\Users\\andreas\\code\\mitdemokrati-pwa\\src\\utility\\votes.ts": {"path":"C:\\Users\\andreas\\code\\mitdemokrati-pwa\\src\\utility\\votes.ts","statementMap":{"0":{"start":{"line":1,"column":27},"end":{"line":1,"column":43}},"1":{"start":{"line":3,"column":28},"end":{"line":3,"column":72}},"2":{"start":{"line":6,"column":2},"end":{"line":21,"column":null}},"3":{"start":{"line":8,"column":6},"end":{"line":8,"column":56}},"4":{"start":{"line":11,"column":6},"end":{"line":11,"column":58}},"5":{"start":{"line":14,"column":6},"end":{"line":14,"column":60}},"6":{"start":{"line":17,"column":6},"end":{"line":17,"column":70}},"7":{"start":{"line":20,"column":6},"end":{"line":20,"column":24}},"8":{"start":{"line":25,"column":2},"end":{"line":25,"column":67}},"9":{"start":{"line":24,"column":0},"end":{"line":24,"column":16}},"10":{"start":{"line":32,"column":50},"end":{"line":32,"column":52}},"11":{"start":{"line":34,"column":2},"end":{"line":43,"column":29}},"12":{"start":{"line":35,"column":23},"end":{"line":35,"column":78}},"13":{"start":{"line":37,"column":6},"end":{"line":37,"column":56}},"14":{"start":{"line":39,"column":4},"end":{"line":42,"column":6}},"15":{"start":{"line":28,"column":0},"end":{"line":28,"column":16}}},"fnMap":{"0":{"name":"stemmeListReducer","decl":{"start":{"line":5,"column":9},"end":{"line":5,"column":26}},"loc":{"start":{"line":5,"column":65},"end":{"line":22,"column":1}}},"1":{"name":"calculateVoteSpread","decl":{"start":{"line":24,"column":16},"end":{"line":24,"column":35}},"loc":{"start":{"line":24,"column":56},"end":{"line":26,"column":1}}},"2":{"name":"calculatePartyVoteSpread","decl":{"start":{"line":28,"column":16},"end":{"line":28,"column":40}},"loc":{"start":{"line":30,"column":30},"end":{"line":44,"column":1}}},"3":{"name":"(anonymous_3)","decl":{"start":{"line":34,"column":27},"end":{"line":34,"column":28}},"loc":{"start":{"line":34,"column":55},"end":{"line":43,"column":3}}}},"branchMap":{"0":{"loc":{"start":{"line":7,"column":4},"end":{"line":8,"column":56}},"type":"switch","locations":[{"start":{"line":7,"column":4},"end":{"line":8,"column":56}},{"start":{"line":10,"column":4},"end":{"line":11,"column":58}},{"start":{"line":13,"column":4},"end":{"line":14,"column":60}},{"start":{"line":16,"column":4},"end":{"line":17,"column":70}},{"start":{"line":19,"column":4},"end":{"line":20,"column":24}}]},"1":{"loc":{"start":{"line":35,"column":23},"end":{"line":35,"column":56}},"type":"binary-expr","locations":[{"start":{"line":35,"column":23},"end":{"line":35,"column":56}},{"start":{"line":35,"column":60},"end":{"line":35,"column":78}}]},"2":{"loc":{"start":{"line":37,"column":6},"end":{"line":37,"column":33}},"type":"binary-expr","locations":[{"start":{"line":37,"column":6},"end":{"line":37,"column":33}},{"start":{"line":37,"column":37},"end":{"line":37,"column":56}}]}},"s":{"0":1,"1":1,"2":8,"3":2,"4":2,"5":2,"6":1,"7":1,"8":2,"9":1,"10":2,"11":2,"12":5,"13":5,"14":5,"15":1},"f":{"0":8,"1":2,"2":2,"3":5},"b":{"0":[2,2,2,1,1],"1":[5,2],"2":[5,3]}}
}
