TN:
SF:src\utility\votes.ts
FN:5,stemmeListReducer
FN:24,calculateVoteSpread
FN:28,calculatePartyVoteSpread
FN:34,(anonymous_3)
FNF:4
FNH:4
FNDA:8,stemmeListReducer
FNDA:2,calculateVoteSpread
FNDA:2,calculatePartyVoteSpread
FNDA:5,(anonymous_3)
DA:1,1
DA:3,1
DA:6,8
DA:8,2
DA:11,2
DA:14,2
DA:17,1
DA:20,1
DA:24,1
DA:25,2
DA:28,1
DA:32,2
DA:34,2
DA:35,5
DA:37,5
DA:39,5
LF:16
LH:16
BRDA:7,0,0,2
BRDA:7,0,1,2
BRDA:7,0,2,2
BRDA:7,0,3,1
BRDA:7,0,4,1
BRDA:35,1,0,5
BRDA:35,1,1,2
BRDA:37,2,0,5
BRDA:37,2,1,3
BRF:9
BRH:9
end_of_record
